Started GET "/" for ::1 at 2024-10-17 23:03:05 +0530
Processing by Rails::WelcomeController#index as HTML
  Rendering C:/Ruby33-x64/lib/ruby/gems/3.3.0/gems/railties-7.0.8.5/lib/rails/templates/rails/welcome/index.html.erb
  Rendered C:/Ruby33-x64/lib/ruby/gems/3.3.0/gems/railties-7.0.8.5/lib/rails/templates/rails/welcome/index.html.erb (Duration: 68.5ms | Allocations: 674)
Completed 200 OK in 388ms (Views: 134.9ms | ActiveRecord: 0.0ms | Allocations: 8085)


Started GET "/home/index" for ::1 at 2024-10-17 23:12:13 +0530
  
ActionController::RoutingError (No route matches [GET] "/home/index"):
  
Started GET "/" for ::1 at 2024-10-18 09:58:09 +0530
Processing by Rails::WelcomeController#index as HTML
  Rendering C:/Ruby33-x64/lib/ruby/gems/3.3.0/gems/railties-7.0.8.5/lib/rails/templates/rails/welcome/index.html.erb
  Rendered C:/Ruby33-x64/lib/ruby/gems/3.3.0/gems/railties-7.0.8.5/lib/rails/templates/rails/welcome/index.html.erb (Duration: 5.3ms | Allocations: 513)
Completed 200 OK in 62ms (Views: 15.1ms | ActiveRecord: 0.0ms | Allocations: 4760)


Started GET "/" for ::1 at 2024-10-18 09:58:11 +0530
Processing by Rails::WelcomeController#index as HTML
  Rendering C:/Ruby33-x64/lib/ruby/gems/3.3.0/gems/railties-7.0.8.5/lib/rails/templates/rails/welcome/index.html.erb
  Rendered C:/Ruby33-x64/lib/ruby/gems/3.3.0/gems/railties-7.0.8.5/lib/rails/templates/rails/welcome/index.html.erb (Duration: 2.0ms | Allocations: 263)
Completed 200 OK in 11ms (Views: 4.9ms | ActiveRecord: 0.0ms | Allocations: 897)


Started GET "/home/index" for ::1 at 2024-10-18 09:58:24 +0530
Processing by HomeController#index as HTML
  Rendering layout layouts/application.html.erb
  Rendering home/index.html.erb within layouts/application
  Rendered home/index.html.erb within layouts/application (Duration: 1.3ms | Allocations: 104)
  Rendered layout layouts/application.html.erb (Duration: 1435.9ms | Allocations: 83258)
Completed 200 OK in 1455ms (Views: 1449.3ms | ActiveRecord: 0.0ms | Allocations: 84174)


Started GET "/home/index" for ::1 at 2024-10-18 09:59:07 +0530
Processing by HomeController#index as HTML
  Rendering layout layouts/application.html.erb
  Rendering home/index.html.erb within layouts/application
  Rendered home/index.html.erb within layouts/application (Duration: 8.7ms | Allocations: 105)
  Rendered layout layouts/application.html.erb (Duration: 17.2ms | Allocations: 1829)
Completed 200 OK in 36ms (Views: 28.5ms | ActiveRecord: 0.0ms | Allocations: 2649)


Started GET "/" for ::1 at 2024-10-18 09:59:57 +0530
  
NoMethodError (undefined method `route' for an instance of ActionDispatch::Routing::Mapper):
  
config/routes.rb:3:in `block in <main>'
config/routes.rb:1:in `<main>'
Started GET "/" for ::1 at 2024-10-18 10:00:10 +0530
Processing by HomeController#index as HTML
  Rendering layout layouts/application.html.erb
  Rendering home/index.html.erb within layouts/application
  Rendered home/index.html.erb within layouts/application (Duration: 0.1ms | Allocations: 10)
  Rendered layout layouts/application.html.erb (Duration: 49.1ms | Allocations: 14971)
Completed 200 OK in 57ms (Views: 53.3ms | ActiveRecord: 0.0ms | Allocations: 15502)


Started GET "/" for ::1 at 2024-10-19 17:52:58 +0530
Processing by HomeController#index as HTML
  Rendering layout layouts/application.html.erb
  Rendering home/index.html.erb within layouts/application
  Rendered home/index.html.erb within layouts/application (Duration: 32.0ms | Allocations: 322)
  Rendered layout layouts/application.html.erb (Duration: 685.8ms | Allocations: 34099)
Completed 200 OK in 1048ms (Views: 760.1ms | ActiveRecord: 0.0ms | Allocations: 38528)


Started GET "/" for ::1 at 2024-10-19 17:58:31 +0530
Processing by HomeController#index as HTML
  Rendering layout layouts/application.html.erb
  Rendering home/index.html.erb within layouts/application
  Rendered home/index.html.erb within layouts/application (Duration: 1.8ms | Allocations: 322)
  Rendered layout layouts/application.html.erb (Duration: 97.8ms | Allocations: 34354)
Completed 200 OK in 124ms (Views: 105.0ms | ActiveRecord: 0.0ms | Allocations: 38783)


Started GET "/" for ::1 at 2024-10-19 18:20:16 +0530
Processing by HomeController#index as HTML
Completed 500 Internal Server Error in 26ms (ActiveRecord: 0.0ms | Allocations: 1944)


  
NameError (uninitialized constant DataFetcherService::News):
  
app/services/data_fetcher_service.rb:3:in `initialize'
app/controllers/home_controller.rb:3:in `new'
app/controllers/home_controller.rb:3:in `index'
Started GET "/" for ::1 at 2024-10-19 18:20:53 +0530
Processing by HomeController#index as HTML
Completed 500 Internal Server Error in 14ms (ActiveRecord: 0.0ms | Allocations: 610)


  
NameError (uninitialized constant DataFetcherService::News):
  
app/services/data_fetcher_service.rb:3:in `initialize'
app/controllers/home_controller.rb:3:in `new'
app/controllers/home_controller.rb:3:in `index'
Started GET "/" for ::1 at 2024-10-19 18:20:55 +0530
Processing by HomeController#index as HTML
Completed 500 Internal Server Error in 2ms (ActiveRecord: 0.0ms | Allocations: 475)


  
NameError (uninitialized constant DataFetcherService::News):
  
app/services/data_fetcher_service.rb:3:in `initialize'
app/controllers/home_controller.rb:3:in `new'
app/controllers/home_controller.rb:3:in `index'
Started GET "/" for ::1 at 2024-10-19 18:20:56 +0530
Processing by HomeController#index as HTML
Completed 500 Internal Server Error in 2ms (ActiveRecord: 0.0ms | Allocations: 475)


  
NameError (uninitialized constant DataFetcherService::News):
  
app/services/data_fetcher_service.rb:3:in `initialize'
app/controllers/home_controller.rb:3:in `new'
app/controllers/home_controller.rb:3:in `index'
Started GET "/" for ::1 at 2024-10-19 18:20:58 +0530
Processing by HomeController#index as HTML
Completed 500 Internal Server Error in 3ms (ActiveRecord: 0.0ms | Allocations: 475)


  
NameError (uninitialized constant DataFetcherService::News):
  
app/services/data_fetcher_service.rb:3:in `initialize'
app/controllers/home_controller.rb:3:in `new'
app/controllers/home_controller.rb:3:in `index'
Started GET "/" for ::1 at 2024-10-19 18:24:25 +0530
Processing by HomeController#index as HTML
Completed 500 Internal Server Error in 21ms (ActiveRecord: 0.0ms | Allocations: 650)


  
LoadError (cannot load such file -- news-api):
  
app/services/data_fetcher_service.rb:1:in `<main>'
app/controllers/home_controller.rb:3:in `index'
Started GET "/" for ::1 at 2024-10-19 18:24:28 +0530
Processing by HomeController#index as HTML
Completed 500 Internal Server Error in 7ms (ActiveRecord: 0.0ms | Allocations: 559)


  
LoadError (cannot load such file -- news-api):
  
app/services/data_fetcher_service.rb:1:in `<main>'
app/controllers/home_controller.rb:3:in `index'
Started GET "/" for ::1 at 2024-10-19 18:24:28 +0530
Processing by HomeController#index as HTML
Completed 500 Internal Server Error in 7ms (ActiveRecord: 0.0ms | Allocations: 557)


  
LoadError (cannot load such file -- news-api):
  
app/services/data_fetcher_service.rb:1:in `<main>'
app/controllers/home_controller.rb:3:in `index'
Started GET "/" for ::1 at 2024-10-19 18:25:15 +0530
Processing by HomeController#index as HTML
Completed 500 Internal Server Error in 17ms (ActiveRecord: 0.0ms | Allocations: 612)


  
NameError (uninitialized constant DataFetcherService::News):
  
app/services/data_fetcher_service.rb:5:in `initialize'
app/controllers/home_controller.rb:3:in `new'
app/controllers/home_controller.rb:3:in `index'
Started GET "/" for ::1 at 2024-10-19 18:26:56 +0530
Processing by HomeController#index as HTML
Completed 500 Internal Server Error in 10ms (ActiveRecord: 0.0ms | Allocations: 879)


  
SyntaxError (C:/Users/vivek/as1/app/services/data_fetcher_service.rb:21: syntax error, unexpected ')', expecting end-of-input
...                      page: 2))
...                              ^
):
  
app/services/data_fetcher_service.rb:21: syntax error, unexpected ')', expecting end-of-input
app/services/data_fetcher_service.rb:21: syntax error, unexpected ')', expecting end-of-input
app/controllers/home_controller.rb:3:in `index'
Started GET "/" for ::1 at 2024-10-19 18:27:06 +0530
Processing by HomeController#index as HTML
Completed 500 Internal Server Error in 18ms (ActiveRecord: 0.0ms | Allocations: 688)


  
LoadError (cannot load such file -- news-api):
  
app/services/data_fetcher_service.rb:1:in `<main>'
app/controllers/home_controller.rb:3:in `index'
Started GET "/" for ::1 at 2024-10-19 18:28:45 +0530
Processing by HomeController#index as HTML
Completed 500 Internal Server Error in 26ms (ActiveRecord: 0.0ms | Allocations: 877)


  
SyntaxError (C:/Users/vivek/as1/app/services/data_fetcher_service.rb:23: syntax error, unexpected local variable or method, expecting end-of-input
...                    page: 2)gem 'news-api'
...                            ^~~
):
  
app/services/data_fetcher_service.rb:23: syntax error, unexpected local variable or method, expecting end-of-input
app/services/data_fetcher_service.rb:23: syntax error, unexpected local variable or method, expecting end-of-input
app/controllers/home_controller.rb:3:in `index'
Started GET "/" for ::1 at 2024-10-19 19:00:52 +0530
Processing by HomeController#index as HTML
Completed 500 Internal Server Error in 9ms (ActiveRecord: 0.0ms | Allocations: 2204)


  
SyntaxError (C:/Users/vivek/as1/app/services/data_fetcher_service.rb:23: syntax error, unexpected local variable or method, expecting end-of-input
...                    page: 2)gem 'news-api'
...                            ^~~
):
  
app/services/data_fetcher_service.rb:23: syntax error, unexpected local variable or method, expecting end-of-input
app/services/data_fetcher_service.rb:23: syntax error, unexpected local variable or method, expecting end-of-input
app/controllers/home_controller.rb:3:in `index'
Started GET "/" for ::1 at 2024-10-19 19:00:54 +0530
Processing by HomeController#index as HTML
Completed 500 Internal Server Error in 7ms (ActiveRecord: 0.0ms | Allocations: 875)


  
SyntaxError (C:/Users/vivek/as1/app/services/data_fetcher_service.rb:23: syntax error, unexpected local variable or method, expecting end-of-input
...                    page: 2)gem 'news-api'
...                            ^~~
):
  
app/services/data_fetcher_service.rb:23: syntax error, unexpected local variable or method, expecting end-of-input
app/services/data_fetcher_service.rb:23: syntax error, unexpected local variable or method, expecting end-of-input
app/controllers/home_controller.rb:3:in `index'
Started GET "/" for ::1 at 2024-10-19 19:01:10 +0530
Processing by HomeController#index as HTML
  Rendering layout layouts/application.html.erb
  Rendering home/index.html.erb within layouts/application
  Rendered home/index.html.erb within layouts/application (Duration: 2.7ms | Allocations: 255)
  Rendered layout layouts/application.html.erb (Duration: 93.7ms | Allocations: 33836)
Completed 200 OK in 1865ms (Views: 102.5ms | ActiveRecord: 0.0ms | Allocations: 77632)


Started GET "/" for ::1 at 2024-10-19 19:18:37 +0530
Processing by HomeController#index as HTML
  Rendering layout layouts/application.html.erb
  Rendering home/index.html.erb within layouts/application
  Rendered home/index.html.erb within layouts/application (Duration: 2.2ms | Allocations: 484)
  Rendered layout layouts/application.html.erb (Duration: 112.2ms | Allocations: 34234)
Completed 200 OK in 884ms (Views: 124.8ms | ActiveRecord: 0.0ms | Allocations: 60661)


Started GET "/" for ::1 at 2024-10-19 19:19:40 +0530
Processing by HomeController#index as HTML
  Rendering layout layouts/application.html.erb
  Rendering home/index.html.erb within layouts/application
  Rendered home/index.html.erb within layouts/application (Duration: 0.1ms | Allocations: 43)
  Rendered layout layouts/application.html.erb (Duration: 31.8ms | Allocations: 15000)
Completed 200 OK in 732ms (Views: 33.9ms | ActiveRecord: 0.0ms | Allocations: 17499)


Started GET "/" for ::1 at 2024-10-21 21:59:46 +0530
Processing by HomeController#index as HTML
  Rendering layout layouts/application.html.erb
  Rendering home/index.html.erb within layouts/application
  Rendered home/index.html.erb within layouts/application (Duration: 31.5ms | Allocations: 523)
  Rendered layout layouts/application.html.erb (Duration: 599.8ms | Allocations: 34256)
Completed 200 OK in 2126ms (Views: 659.7ms | ActiveRecord: 0.0ms | Allocations: 60991)


Started GET "/" for ::1 at 2024-10-21 21:59:57 +0530
Processing by HomeController#index as HTML
  Rendering layout layouts/application.html.erb
  Rendering home/index.html.erb within layouts/application
  Rendered home/index.html.erb within layouts/application (Duration: 0.1ms | Allocations: 38)
  Rendered layout layouts/application.html.erb (Duration: 8.1ms | Allocations: 1514)
Completed 200 OK in 699ms (Views: 9.1ms | ActiveRecord: 0.0ms | Allocations: 3491)


Started GET "/" for ::1 at 2024-10-21 22:01:17 +0530
Processing by HomeController#index as HTML
  Rendering layout layouts/application.html.erb
  Rendering home/index.html.erb within layouts/application
  Rendered home/index.html.erb within layouts/application (Duration: 0.1ms | Allocations: 38)
  Rendered layout layouts/application.html.erb (Duration: 3.8ms | Allocations: 1483)
Completed 200 OK in 735ms (Views: 4.4ms | ActiveRecord: 0.0ms | Allocations: 3439)


Started GET "/" for ::1 at 2024-10-21 22:01:34 +0530
Processing by HomeController#index as HTML
  Rendering layout layouts/application.html.erb
  Rendering home/index.html.erb within layouts/application
  Rendered home/index.html.erb within layouts/application (Duration: 1.8ms | Allocations: 523)
  Rendered layout layouts/application.html.erb (Duration: 100.0ms | Allocations: 34183)
Completed 200 OK in 833ms (Views: 111.9ms | ActiveRecord: 0.0ms | Allocations: 60936)


Started GET "/" for ::1 at 2024-10-21 22:01:37 +0530
Processing by HomeController#index as HTML
  Rendering layout layouts/application.html.erb
  Rendering home/index.html.erb within layouts/application
  Rendered home/index.html.erb within layouts/application (Duration: 0.1ms | Allocations: 38)
  Rendered layout layouts/application.html.erb (Duration: 5.5ms | Allocations: 1483)
Completed 200 OK in 671ms (Views: 6.7ms | ActiveRecord: 0.0ms | Allocations: 3477)


Started GET "/" for ::1 at 2024-10-21 22:02:06 +0530
Processing by HomeController#index as HTML
  Rendering layout layouts/application.html.erb
  Rendering home/index.html.erb within layouts/application
  Rendered home/index.html.erb within layouts/application (Duration: 0.1ms | Allocations: 10)
  Rendered layout layouts/application.html.erb (Duration: 22.9ms | Allocations: 14942)
Completed 200 OK in 697ms (Views: 25.4ms | ActiveRecord: 0.0ms | Allocations: 17041)


Started GET "/" for ::1 at 2024-10-21 22:02:13 +0530
Processing by HomeController#index as HTML
  Rendering layout layouts/application.html.erb
  Rendering home/index.html.erb within layouts/application
  Rendered home/index.html.erb within layouts/application (Duration: 0.1ms | Allocations: 41)
  Rendered layout layouts/application.html.erb (Duration: 31.6ms | Allocations: 15097)
Completed 200 OK in 727ms (Views: 34.5ms | ActiveRecord: 0.0ms | Allocations: 17534)


Started GET "/" for ::1 at 2024-10-21 22:02:19 +0530
Processing by HomeController#index as HTML
  Rendering layout layouts/application.html.erb
  Rendering home/index.html.erb within layouts/application
  Rendered home/index.html.erb within layouts/application (Duration: 0.0ms | Allocations: 10)
  Rendered layout layouts/application.html.erb (Duration: 23.2ms | Allocations: 14875)
Completed 200 OK in 773ms (Views: 25.0ms | ActiveRecord: 0.0ms | Allocations: 16963)


Started GET "/" for ::1 at 2024-10-21 22:05:49 +0530
Processing by HomeController#index as HTML
Completed 500 Internal Server Error in 18ms (ActiveRecord: 0.0ms | Allocations: 672)


  
NoMethodError (undefined method `fetch_headlines' for an instance of DataFetcherService):
  
app/controllers/home_controller.rb:4:in `index'
Started GET "/" for ::1 at 2024-10-21 22:08:17 +0530
Processing by HomeController#index as HTML
  Rendering layout layouts/application.html.erb
  Rendering home/index.html.erb within layouts/application
  Rendered home/index.html.erb within layouts/application (Duration: 0.1ms | Allocations: 41)
  Rendered layout layouts/application.html.erb (Duration: 28.3ms | Allocations: 15093)
Completed 200 OK in 1501ms (Views: 34.7ms | ActiveRecord: 0.0ms | Allocations: 17516)


Started GET "/" for ::1 at 2024-10-21 22:08:43 +0530
Processing by HomeController#index as HTML
  Rendering layout layouts/application.html.erb
  Rendering home/index.html.erb within layouts/application
  Rendered home/index.html.erb within layouts/application (Duration: 0.1ms | Allocations: 41)
  Rendered layout layouts/application.html.erb (Duration: 31.2ms | Allocations: 15091)
Completed 200 OK in 724ms (Views: 32.8ms | ActiveRecord: 0.0ms | Allocations: 17540)


Started GET "/" for ::1 at 2024-10-21 22:18:05 +0530
Processing by HomeController#index as HTML
  Rendering layout layouts/application.html.erb
  Rendering home/index.html.erb within layouts/application
  Rendered home/index.html.erb within layouts/application (Duration: 2.3ms | Allocations: 276)
  Rendered layout layouts/application.html.erb (Duration: 8.5ms | Allocations: 1985)
Completed 200 OK in 1549ms (Views: 13.9ms | ActiveRecord: 0.0ms | Allocations: 4468)


Started GET "/" for ::1 at 2024-10-21 22:18:08 +0530
Processing by HomeController#index as HTML
  Rendering layout layouts/application.html.erb
  Rendering home/index.html.erb within layouts/application
  Rendered home/index.html.erb within layouts/application (Duration: 0.1ms | Allocations: 38)
  Rendered layout layouts/application.html.erb (Duration: 3.5ms | Allocations: 1473)
Completed 200 OK in 1480ms (Views: 4.3ms | ActiveRecord: 0.0ms | Allocations: 3469)


Started GET "/" for ::1 at 2024-10-21 22:27:52 +0530
Processing by HomeController#index as HTML
  Rendering layout layouts/application.html.erb
  Rendering home/index.html.erb within layouts/application
  Rendered home/index.html.erb within layouts/application (Duration: 0.8ms | Allocations: 269)
  Rendered layout layouts/application.html.erb (Duration: 33.0ms | Allocations: 1972)
Completed 200 OK in 762ms (Views: 38.4ms | ActiveRecord: 0.0ms | Allocations: 4450)


Started GET "/app/views/home/styles.css" for ::1 at 2024-10-21 22:27:53 +0530
  
ActionController::RoutingError (No route matches [GET] "/app/views/home/styles.css"):
  
Started GET "/" for ::1 at 2024-10-21 22:28:30 +0530
Processing by HomeController#index as HTML
  Rendering layout layouts/application.html.erb
  Rendering home/index.html.erb within layouts/application
  Rendered home/index.html.erb within layouts/application (Duration: 0.9ms | Allocations: 269)
  Rendered layout layouts/application.html.erb (Duration: 7.5ms | Allocations: 1963)
Completed 200 OK in 705ms (Views: 14.1ms | ActiveRecord: 0.0ms | Allocations: 4502)


Started GET "/app/views/home/styles.css" for ::1 at 2024-10-21 22:28:31 +0530
  
ActionController::RoutingError (No route matches [GET] "/app/views/home/styles.css"):
  
Started GET "/" for ::1 at 2024-10-21 22:28:32 +0530
Processing by HomeController#index as HTML
  Rendering layout layouts/application.html.erb
  Rendering home/index.html.erb within layouts/application
  Rendered home/index.html.erb within layouts/application (Duration: 0.1ms | Allocations: 38)
  Rendered layout layouts/application.html.erb (Duration: 8.8ms | Allocations: 1474)
Completed 200 OK in 686ms (Views: 9.5ms | ActiveRecord: 0.0ms | Allocations: 3447)


Started GET "/app/views/home/styles.css" for ::1 at 2024-10-21 22:28:33 +0530
  
ActionController::RoutingError (No route matches [GET] "/app/views/home/styles.css"):
  
Started GET "/" for ::1 at 2024-10-21 22:28:47 +0530
Processing by HomeController#index as HTML
  Rendering layout layouts/application.html.erb
  Rendering home/index.html.erb within layouts/application
  Rendered home/index.html.erb within layouts/application (Duration: 1.2ms | Allocations: 269)
  Rendered layout layouts/application.html.erb (Duration: 7.8ms | Allocations: 2002)
Completed 200 OK in 1497ms (Views: 16.0ms | ActiveRecord: 0.0ms | Allocations: 4517)


Started GET "/app/views/home/styles.css" for ::1 at 2024-10-21 22:28:49 +0530
  
ActionController::RoutingError (No route matches [GET] "/app/views/home/styles.css"):
  
Started GET "/" for ::1 at 2024-10-21 22:29:39 +0530
Processing by HomeController#index as HTML
  Rendering layout layouts/application.html.erb
  Rendering home/index.html.erb within layouts/application
  Rendered home/index.html.erb within layouts/application (Duration: 13.7ms | Allocations: 273)
  Rendered layout layouts/application.html.erb (Duration: 18.3ms | Allocations: 1985)
Completed 200 OK in 740ms (Views: 24.9ms | ActiveRecord: 0.0ms | Allocations: 4505)


Started GET "/app/views/home/styles.css" for ::1 at 2024-10-21 22:29:40 +0530
  
ActionController::RoutingError (No route matches [GET] "/app/views/home/styles.css"):
  
Started GET "/" for ::1 at 2024-10-21 22:29:40 +0530
Processing by HomeController#index as HTML
  Rendering layout layouts/application.html.erb
  Rendering home/index.html.erb within layouts/application
  Rendered home/index.html.erb within layouts/application (Duration: 0.1ms | Allocations: 38)
  Rendered layout layouts/application.html.erb (Duration: 3.7ms | Allocations: 1510)
Completed 200 OK in 681ms (Views: 6.3ms | ActiveRecord: 0.0ms | Allocations: 3503)


Started GET "/app/views/home/styles.css" for ::1 at 2024-10-21 22:29:41 +0530
  
ActionController::RoutingError (No route matches [GET] "/app/views/home/styles.css"):
  
Started GET "/" for ::1 at 2024-10-21 22:29:59 +0530
Processing by HomeController#index as HTML
  Rendering layout layouts/application.html.erb
  Rendering home/index.html.erb within layouts/application
  Rendered home/index.html.erb within layouts/application (Duration: 0.7ms | Allocations: 272)
  Rendered layout layouts/application.html.erb (Duration: 20.2ms | Allocations: 1986)
Completed 200 OK in 729ms (Views: 27.8ms | ActiveRecord: 0.0ms | Allocations: 4526)


Started GET "/app/views/home/styles.css" for ::1 at 2024-10-21 22:30:00 +0530
  
ActionController::RoutingError (No route matches [GET] "/app/views/home/styles.css"):
  
Started GET "/" for ::1 at 2024-10-21 22:30:00 +0530
Processing by HomeController#index as HTML
  Rendering layout layouts/application.html.erb
  Rendering home/index.html.erb within layouts/application
  Rendered home/index.html.erb within layouts/application (Duration: 0.1ms | Allocations: 38)
  Rendered layout layouts/application.html.erb (Duration: 6.1ms | Allocations: 1498)
Completed 200 OK in 675ms (Views: 7.4ms | ActiveRecord: 0.0ms | Allocations: 3491)


Started GET "/app/views/home/styles.css" for ::1 at 2024-10-21 22:30:01 +0530
  
ActionController::RoutingError (No route matches [GET] "/app/views/home/styles.css"):
  
Started GET "/" for ::1 at 2024-10-21 22:30:07 +0530
Processing by HomeController#index as HTML
  Rendering layout layouts/application.html.erb
  Rendering home/index.html.erb within layouts/application
  Rendered home/index.html.erb within layouts/application (Duration: 0.9ms | Allocations: 272)
  Rendered layout layouts/application.html.erb (Duration: 7.7ms | Allocations: 1992)
Completed 200 OK in 720ms (Views: 19.5ms | ActiveRecord: 0.0ms | Allocations: 4507)


Started GET "/app/views/home/styles.css" for ::1 at 2024-10-21 22:30:08 +0530
  
ActionController::RoutingError (No route matches [GET] "/app/views/home/styles.css"):
  
Started GET "/" for ::1 at 2024-10-21 22:30:09 +0530
Processing by HomeController#index as HTML
  Rendering layout layouts/application.html.erb
  Rendering home/index.html.erb within layouts/application
  Rendered home/index.html.erb within layouts/application (Duration: 0.1ms | Allocations: 38)
  Rendered layout layouts/application.html.erb (Duration: 4.0ms | Allocations: 1483)
Completed 200 OK in 712ms (Views: 5.2ms | ActiveRecord: 0.0ms | Allocations: 3459)


Started GET "/app/views/home/styles.css" for ::1 at 2024-10-21 22:30:10 +0530
  
ActionController::RoutingError (No route matches [GET] "/app/views/home/styles.css"):
  
Started GET "/" for ::1 at 2024-10-21 22:33:18 +0530
Processing by HomeController#index as HTML
  Rendering layout layouts/application.html.erb
  Rendering home/index.html.erb within layouts/application
  Rendered home/index.html.erb within layouts/application (Duration: 0.1ms | Allocations: 38)
  Rendered layout layouts/application.html.erb (Duration: 105.2ms | Allocations: 3953)
Completed 200 OK in 1537ms (Views: 107.1ms | ActiveRecord: 0.0ms | Allocations: 5909)


Started GET "/app/views/home/styles.css" for ::1 at 2024-10-21 22:33:19 +0530
  
ActionController::RoutingError (No route matches [GET] "/app/views/home/styles.css"):
  
Started GET "/" for ::1 at 2024-10-21 22:34:24 +0530
Processing by HomeController#index as HTML
  Rendering layout layouts/application.html.erb
  Rendering home/index.html.erb within layouts/application
  Rendered home/index.html.erb within layouts/application (Duration: 14.7ms | Allocations: 2258)
  Rendered layout layouts/application.html.erb (Duration: 15.1ms | Allocations: 2340)
Completed 500 Internal Server Error in 721ms (ActiveRecord: 0.0ms | Allocations: 4850)


  
ActionView::Template::Error (The asset "styles.css" is not present in the asset pipeline.
):
    1: <head>
    2: <%= stylesheet_link_tag "styles" %>
    3: </head>
    4: <h1>Top 10 News Headlines</h1>
    5: 
  
app/views/home/index.html.erb:2
Started GET "/" for ::1 at 2024-10-21 22:34:45 +0530
Processing by HomeController#index as HTML
  Rendering layout layouts/application.html.erb
  Rendering home/index.html.erb within layouts/application
  Rendered home/index.html.erb within layouts/application (Duration: 13.5ms | Allocations: 272)
  Rendered layout layouts/application.html.erb (Duration: 43.7ms | Allocations: 3293)
Completed 200 OK in 718ms (Views: 51.7ms | ActiveRecord: 0.0ms | Allocations: 5829)


Started GET "/" for ::1 at 2024-10-21 22:34:56 +0530
Processing by HomeController#index as HTML
  Rendering layout layouts/application.html.erb
  Rendering home/index.html.erb within layouts/application
  Rendered home/index.html.erb within layouts/application (Duration: 0.1ms | Allocations: 38)
  Rendered layout layouts/application.html.erb (Duration: 5.6ms | Allocations: 1469)
Completed 200 OK in 674ms (Views: 6.4ms | ActiveRecord: 0.0ms | Allocations: 3424)


Started GET "/" for ::1 at 2024-10-21 22:36:33 +0530
Processing by HomeController#index as HTML
  Rendering layout layouts/application.html.erb
  Rendering home/index.html.erb within layouts/application
  Rendered home/index.html.erb within layouts/application (Duration: 4.1ms | Allocations: 271)
  Rendered layout layouts/application.html.erb (Duration: 10.9ms | Allocations: 1924)
Completed 200 OK in 724ms (Views: 15.3ms | ActiveRecord: 0.0ms | Allocations: 4439)


Started GET "/" for ::1 at 2024-10-21 22:41:19 +0530
Processing by HomeController#index as HTML
  Rendering layout layouts/application.html.erb
  Rendering home/index.html.erb within layouts/application
  Rendered home/index.html.erb within layouts/application (Duration: 8.7ms | Allocations: 272)
  Rendered layout layouts/application.html.erb (Duration: 13.4ms | Allocations: 1913)
Completed 200 OK in 1477ms (Views: 18.9ms | ActiveRecord: 0.0ms | Allocations: 4379)


Started GET "/" for ::1 at 2024-10-21 22:41:28 +0530
Processing by HomeController#index as HTML
  Rendering layout layouts/application.html.erb
  Rendering home/index.html.erb within layouts/application
  Rendered home/index.html.erb within layouts/application (Duration: 0.1ms | Allocations: 38)
  Rendered layout layouts/application.html.erb (Duration: 9.7ms | Allocations: 1473)
Completed 200 OK in 1402ms (Views: 10.6ms | ActiveRecord: 0.0ms | Allocations: 3430)


Started GET "/" for ::1 at 2024-10-21 22:41:54 +0530
Processing by HomeController#index as HTML
  Rendering layout layouts/application.html.erb
  Rendering home/index.html.erb within layouts/application
  Rendered home/index.html.erb within layouts/application (Duration: 0.1ms | Allocations: 38)
  Rendered layout layouts/application.html.erb (Duration: 35.3ms | Allocations: 2767)
Completed 200 OK in 719ms (Views: 36.2ms | ActiveRecord: 0.0ms | Allocations: 4738)


Started GET "/" for ::1 at 2024-10-21 22:43:07 +0530
Processing by HomeController#index as HTML
  Rendering layout layouts/application.html.erb
  Rendering home/index.html.erb within layouts/application
  Rendered home/index.html.erb within layouts/application (Duration: 10.8ms | Allocations: 272)
  Rendered layout layouts/application.html.erb (Duration: 15.2ms | Allocations: 1904)
Completed 200 OK in 688ms (Views: 20.2ms | ActiveRecord: 0.0ms | Allocations: 4399)


Started GET "/" for ::1 at 2024-10-21 22:43:10 +0530
Processing by HomeController#index as HTML
  Rendering layout layouts/application.html.erb
  Rendering home/index.html.erb within layouts/application
  Rendered home/index.html.erb within layouts/application (Duration: 0.1ms | Allocations: 38)
  Rendered layout layouts/application.html.erb (Duration: 4.0ms | Allocations: 1437)
Completed 200 OK in 692ms (Views: 5.0ms | ActiveRecord: 0.0ms | Allocations: 3393)


Started GET "/" for ::1 at 2024-10-21 22:43:41 +0530
Processing by HomeController#index as HTML
  Rendering layout layouts/application.html.erb
  Rendering home/index.html.erb within layouts/application
  Rendered home/index.html.erb within layouts/application (Duration: 1.7ms | Allocations: 271)
  Rendered layout layouts/application.html.erb (Duration: 6.8ms | Allocations: 1900)
Completed 200 OK in 667ms (Views: 12.6ms | ActiveRecord: 0.0ms | Allocations: 4395)


Started GET "/" for ::1 at 2024-10-21 22:43:44 +0530
Processing by HomeController#index as HTML
  Rendering layout layouts/application.html.erb
  Rendering home/index.html.erb within layouts/application
  Rendered home/index.html.erb within layouts/application (Duration: 0.1ms | Allocations: 38)
  Rendered layout layouts/application.html.erb (Duration: 3.1ms | Allocations: 1419)
Completed 200 OK in 1380ms (Views: 4.0ms | ActiveRecord: 0.0ms | Allocations: 3375)


Started GET "/" for ::1 at 2024-10-21 22:43:50 +0530
Processing by HomeController#index as HTML
  Rendering layout layouts/application.html.erb
  Rendering home/index.html.erb within layouts/application
  Rendered home/index.html.erb within layouts/application (Duration: 2.4ms | Allocations: 271)
  Rendered layout layouts/application.html.erb (Duration: 8.9ms | Allocations: 1934)
Completed 200 OK in 1445ms (Views: 15.5ms | ActiveRecord: 0.0ms | Allocations: 4475)


Started GET "/" for ::1 at 2024-10-21 22:44:04 +0530
Processing by HomeController#index as HTML
  Rendering layout layouts/application.html.erb
  Rendering home/index.html.erb within layouts/application
  Rendered home/index.html.erb within layouts/application (Duration: 17.4ms | Allocations: 278)
  Rendered layout layouts/application.html.erb (Duration: 24.2ms | Allocations: 1926)
Completed 200 OK in 716ms (Views: 30.4ms | ActiveRecord: 0.0ms | Allocations: 4466)


Started GET "/" for ::1 at 2024-10-21 22:50:16 +0530
Processing by HomeController#index as HTML
  Rendering layout layouts/application.html.erb
  Rendering home/index.html.erb within layouts/application
  Rendered home/index.html.erb within layouts/application (Duration: 10.8ms | Allocations: 275)
  Rendered layout layouts/application.html.erb (Duration: 15.0ms | Allocations: 1932)
Completed 200 OK in 715ms (Views: 22.3ms | ActiveRecord: 0.0ms | Allocations: 4436)


Started GET "/app/views/img.png" for ::1 at 2024-10-21 22:50:17 +0530
  
ActionController::RoutingError (No route matches [GET] "/app/views/img.png"):
  
Started GET "/" for ::1 at 2024-10-21 22:51:16 +0530
Processing by HomeController#index as HTML
  Rendering layout layouts/application.html.erb
  Rendering home/index.html.erb within layouts/application
  Rendered home/index.html.erb within layouts/application (Duration: 7.6ms | Allocations: 275)
  Rendered layout layouts/application.html.erb (Duration: 11.2ms | Allocations: 1933)
Completed 200 OK in 726ms (Views: 17.8ms | ActiveRecord: 0.0ms | Allocations: 4470)


Started GET "/app/views/img.png" for ::1 at 2024-10-21 22:51:16 +0530
  
ActionController::RoutingError (No route matches [GET] "/app/views/img.png"):
  
Started GET "/" for ::1 at 2024-10-21 22:52:54 +0530
Processing by HomeController#index as HTML
  Rendering layout layouts/application.html.erb
  Rendering home/index.html.erb within layouts/application
  Rendered home/index.html.erb within layouts/application (Duration: 12.9ms | Allocations: 286)
  Rendered layout layouts/application.html.erb (Duration: 17.3ms | Allocations: 1947)
Completed 200 OK in 2180ms (Views: 22.2ms | ActiveRecord: 0.0ms | Allocations: 4487)


Started GET "/app/assets/images/img.png" for ::1 at 2024-10-21 22:52:57 +0530
  
ActionController::RoutingError (No route matches [GET] "/app/assets/images/img.png"):
  
Started GET "/" for ::1 at 2024-10-21 22:53:38 +0530
Processing by HomeController#index as HTML
  Rendering layout layouts/application.html.erb
  Rendering home/index.html.erb within layouts/application
  Rendered home/index.html.erb within layouts/application (Duration: 120.2ms | Allocations: 19071)
  Rendered layout layouts/application.html.erb (Duration: 124.8ms | Allocations: 20571)
Completed 200 OK in 1574ms (Views: 131.2ms | ActiveRecord: 0.0ms | Allocations: 23109)


Started GET "/" for ::1 at 2024-10-21 22:54:26 +0530
Processing by HomeController#index as HTML
  Rendering layout layouts/application.html.erb
  Rendering home/index.html.erb within layouts/application
  Rendered home/index.html.erb within layouts/application (Duration: 17.4ms | Allocations: 1227)
  Rendered layout layouts/application.html.erb (Duration: 17.7ms | Allocations: 1309)
Completed 500 Internal Server Error in 727ms (ActiveRecord: 0.0ms | Allocations: 3847)


  
ActionView::Template::Error (undefined local variable or method `center' for an instance of #<Class:0x0000028a302a58c0>):
    1: 
    2: <%= image_tag "img.png", width: 500, height: 300 , align: center%>
    3: <h1>Top 10 News Headlines</h1>
    4: 
    5: <% if @articles.present? %>
  
app/views/home/index.html.erb:2
Started GET "/" for ::1 at 2024-10-21 22:56:06 +0530
Processing by HomeController#index as HTML
  Rendering layout layouts/application.html.erb
  Rendering home/index.html.erb within layouts/application
  Rendered home/index.html.erb within layouts/application (Duration: 29.2ms | Allocations: 920)
  Rendered layout layouts/application.html.erb (Duration: 33.4ms | Allocations: 2434)
Completed 200 OK in 710ms (Views: 39.7ms | ActiveRecord: 0.0ms | Allocations: 4955)


Started GET "/" for ::1 at 2024-10-21 22:58:04 +0530
Processing by HomeController#index as HTML
  Rendering layout layouts/application.html.erb
  Rendering home/index.html.erb within layouts/application
  Rendered home/index.html.erb within layouts/application (Duration: 19.4ms | Allocations: 908)
  Rendered layout layouts/application.html.erb (Duration: 32.7ms | Allocations: 3751)
Completed 200 OK in 740ms (Views: 45.5ms | ActiveRecord: 0.0ms | Allocations: 6271)


Started GET "/" for ::1 at 2024-10-21 22:59:36 +0530
Processing by HomeController#index as HTML
  Rendering layout layouts/application.html.erb
  Rendering home/index.html.erb within layouts/application
  Rendered home/index.html.erb within layouts/application (Duration: 2.2ms | Allocations: 614)
  Rendered layout layouts/application.html.erb (Duration: 7.0ms | Allocations: 1887)
Completed 200 OK in 666ms (Views: 7.7ms | ActiveRecord: 0.0ms | Allocations: 3863)


Started GET "/" for ::1 at 2024-10-21 23:03:08 +0530
Processing by HomeController#index as HTML
  Rendering layout layouts/application.html.erb
  Rendering home/index.html.erb within layouts/application
  Rendered home/index.html.erb within layouts/application (Duration: 80.1ms | Allocations: 20182)
  Rendered layout layouts/application.html.erb (Duration: 84.2ms | Allocations: 21684)
Completed 200 OK in 837ms (Views: 102.4ms | ActiveRecord: 0.0ms | Allocations: 24166)


Started GET "/" for ::1 at 2024-10-21 23:04:14 +0530
Processing by HomeController#index as HTML
  Rendering layout layouts/application.html.erb
  Rendering home/index.html.erb within layouts/application
  Rendered home/index.html.erb within layouts/application (Duration: 42.8ms | Allocations: 1378)
  Rendered layout layouts/application.html.erb (Duration: 45.7ms | Allocations: 2874)
Completed 200 OK in 734ms (Views: 53.3ms | ActiveRecord: 0.0ms | Allocations: 5422)


Started GET "/" for ::1 at 2024-10-21 23:06:37 +0530
Processing by HomeController#index as HTML
  Rendering layout layouts/application.html.erb
  Rendering home/index.html.erb within layouts/application
  Rendered home/index.html.erb within layouts/application (Duration: 25.6ms | Allocations: 1375)
  Rendered layout layouts/application.html.erb (Duration: 30.1ms | Allocations: 2892)
Completed 200 OK in 1496ms (Views: 35.2ms | ActiveRecord: 0.0ms | Allocations: 5411)


Started GET "/" for ::1 at 2024-10-21 23:06:40 +0530
Processing by HomeController#index as HTML
  Rendering layout layouts/application.html.erb
  Rendering home/index.html.erb within layouts/application
  Rendered home/index.html.erb within layouts/application (Duration: 3.6ms | Allocations: 1076)
  Rendered layout layouts/application.html.erb (Duration: 6.0ms | Allocations: 2356)
Completed 200 OK in 1442ms (Views: 7.2ms | ActiveRecord: 0.0ms | Allocations: 4352)


Started GET "/" for ::1 at 2024-10-21 23:07:29 +0530
Processing by HomeController#index as HTML
  Rendering layout layouts/application.html.erb
  Rendering home/index.html.erb within layouts/application
  Rendered home/index.html.erb within layouts/application (Duration: 102.2ms | Allocations: 21328)
  Rendered layout layouts/application.html.erb (Duration: 107.8ms | Allocations: 22841)
Completed 200 OK in 1537ms (Views: 114.5ms | ActiveRecord: 0.0ms | Allocations: 25360)


Started GET "/" for ::1 at 2024-10-21 23:07:47 +0530
Processing by HomeController#index as HTML
  Rendering layout layouts/application.html.erb
  Rendering home/index.html.erb within layouts/application
  Rendered home/index.html.erb within layouts/application (Duration: 6.4ms | Allocations: 1833)
  Rendered layout layouts/application.html.erb (Duration: 14.3ms | Allocations: 3337)
Completed 200 OK in 726ms (Views: 18.9ms | ActiveRecord: 0.0ms | Allocations: 5853)


Started GET "/" for ::1 at 2024-10-21 23:09:06 +0530
Processing by HomeController#index as HTML
  Rendering layout layouts/application.html.erb
  Rendering home/index.html.erb within layouts/application
  Rendered home/index.html.erb within layouts/application (Duration: 35.5ms | Allocations: 1843)
  Rendered layout layouts/application.html.erb (Duration: 68.2ms | Allocations: 4685)
Completed 200 OK in 784ms (Views: 75.4ms | ActiveRecord: 0.0ms | Allocations: 7204)


Started GET "/" for ::1 at 2024-10-21 23:10:28 +0530
Processing by HomeController#index as HTML
  Rendering layout layouts/application.html.erb
  Rendering home/index.html.erb within layouts/application
  Rendered home/index.html.erb within layouts/application (Duration: 4.8ms | Allocations: 1511)
  Rendered layout layouts/application.html.erb (Duration: 28.7ms | Allocations: 4138)
Completed 200 OK in 683ms (Views: 32.4ms | ActiveRecord: 0.0ms | Allocations: 6162)


Started GET "/" for ::1 at 2024-10-21 23:10:31 +0530
Processing by HomeController#index as HTML
  Rendering layout layouts/application.html.erb
  Rendering home/index.html.erb within layouts/application
  Rendered home/index.html.erb within layouts/application (Duration: 5.7ms | Allocations: 1532)
  Rendered layout layouts/application.html.erb (Duration: 11.4ms | Allocations: 2823)
Completed 200 OK in 676ms (Views: 12.3ms | ActiveRecord: 0.0ms | Allocations: 4830)


Started GET "/" for ::1 at 2024-10-21 23:10:33 +0530
Processing by HomeController#index as HTML
  Rendering layout layouts/application.html.erb
  Rendering home/index.html.erb within layouts/application
  Rendered home/index.html.erb within layouts/application (Duration: 4.7ms | Allocations: 1529)
  Rendered layout layouts/application.html.erb (Duration: 6.8ms | Allocations: 2821)
Completed 200 OK in 1396ms (Views: 8.9ms | ActiveRecord: 0.0ms | Allocations: 4803)


Started GET "/" for ::1 at 2024-10-21 23:13:45 +0530
Processing by HomeController#index as HTML
  Rendering layout layouts/application.html.erb
  Rendering home/index.html.erb within layouts/application
  Rendered home/index.html.erb within layouts/application (Duration: 33.1ms | Allocations: 1847)
  Rendered layout layouts/application.html.erb (Duration: 36.3ms | Allocations: 3348)
Completed 200 OK in 1459ms (Views: 42.8ms | ActiveRecord: 0.0ms | Allocations: 5870)


Started GET "/" for ::1 at 2024-10-21 23:13:59 +0530
Processing by HomeController#index as HTML
  Rendering layout layouts/application.html.erb
  Rendering home/index.html.erb within layouts/application
  Rendered home/index.html.erb within layouts/application (Duration: 6.2ms | Allocations: 1841)
  Rendered layout layouts/application.html.erb (Duration: 10.0ms | Allocations: 3351)
Completed 200 OK in 1472ms (Views: 16.7ms | ActiveRecord: 0.0ms | Allocations: 5870)


Started GET "/" for ::1 at 2024-10-21 23:14:24 +0530
Processing by HomeController#index as HTML
  Rendering layout layouts/application.html.erb
  Rendering home/index.html.erb within layouts/application
  Rendered home/index.html.erb within layouts/application (Duration: 6.4ms | Allocations: 1841)
  Rendered layout layouts/application.html.erb (Duration: 10.2ms | Allocations: 3360)
Completed 200 OK in 728ms (Views: 21.7ms | ActiveRecord: 0.0ms | Allocations: 5843)


Started GET "/" for ::1 at 2024-10-21 23:17:43 +0530
Processing by HomeController#index as HTML
  Rendering layout layouts/application.html.erb
  Rendering home/index.html.erb within layouts/application
  Rendered home/index.html.erb within layouts/application (Duration: 8.0ms | Allocations: 1841)
  Rendered layout layouts/application.html.erb (Duration: 12.0ms | Allocations: 3345)
Completed 200 OK in 697ms (Views: 17.8ms | ActiveRecord: 0.0ms | Allocations: 5860)


Started GET "/" for ::1 at 2024-10-21 23:18:44 +0530
Processing by HomeController#index as HTML
  Rendering layout layouts/application.html.erb
  Rendering home/index.html.erb within layouts/application
  Rendered home/index.html.erb within layouts/application (Duration: 32.6ms | Allocations: 1842)
  Rendered layout layouts/application.html.erb (Duration: 36.8ms | Allocations: 3346)
Completed 200 OK in 1506ms (Views: 44.0ms | ActiveRecord: 0.0ms | Allocations: 5865)


Started GET "/" for ::1 at 2024-10-21 23:19:12 +0530
Processing by HomeController#index as HTML
  Rendering layout layouts/application.html.erb
  Rendering home/index.html.erb within layouts/application
  Rendered home/index.html.erb within layouts/application (Duration: 5.3ms | Allocations: 1511)
  Rendered layout layouts/application.html.erb (Duration: 7.9ms | Allocations: 2797)
Completed 200 OK in 2264ms (Views: 8.9ms | ActiveRecord: 0.0ms | Allocations: 4790)


Started GET "/" for ::1 at 2024-10-21 23:19:18 +0530
Processing by HomeController#index as HTML
  Rendering layout layouts/application.html.erb
  Rendering home/index.html.erb within layouts/application
  Rendered home/index.html.erb within layouts/application (Duration: 28.9ms | Allocations: 1842)
  Rendered layout layouts/application.html.erb (Duration: 32.2ms | Allocations: 3346)
Completed 200 OK in 717ms (Views: 38.6ms | ActiveRecord: 0.0ms | Allocations: 5896)


Started GET "/" for ::1 at 2024-10-21 23:19:20 +0530
Processing by HomeController#index as HTML
  Rendering layout layouts/application.html.erb
  Rendering home/index.html.erb within layouts/application
  Rendered home/index.html.erb within layouts/application (Duration: 4.2ms | Allocations: 1532)
  Rendered layout layouts/application.html.erb (Duration: 8.1ms | Allocations: 2817)
Completed 200 OK in 662ms (Views: 8.6ms | ActiveRecord: 0.0ms | Allocations: 4809)


Started GET "/" for ::1 at 2024-10-21 23:19:34 +0530
Processing by HomeController#index as HTML
  Rendering layout layouts/application.html.erb
  Rendering home/index.html.erb within layouts/application
  Rendered home/index.html.erb within layouts/application (Duration: 35.0ms | Allocations: 1864)
  Rendered layout layouts/application.html.erb (Duration: 40.4ms | Allocations: 3377)
Completed 200 OK in 1457ms (Views: 45.6ms | ActiveRecord: 0.0ms | Allocations: 5874)


Started GET "/" for ::1 at 2024-10-21 23:20:29 +0530
Processing by HomeController#index as HTML
  Rendering layout layouts/application.html.erb
  Rendering home/index.html.erb within layouts/application
  Rendered home/index.html.erb within layouts/application (Duration: 46.5ms | Allocations: 1843)
  Rendered layout layouts/application.html.erb (Duration: 50.6ms | Allocations: 3356)
Completed 200 OK in 741ms (Views: 57.1ms | ActiveRecord: 0.0ms | Allocations: 5909)


Started GET "/" for ::1 at 2024-10-21 23:21:03 +0530
Processing by HomeController#index as HTML
  Rendering layout layouts/application.html.erb
  Rendering home/index.html.erb within layouts/application
  Rendered home/index.html.erb within layouts/application (Duration: 30.0ms | Allocations: 1844)
  Rendered layout layouts/application.html.erb (Duration: 34.2ms | Allocations: 3360)
Completed 200 OK in 1471ms (Views: 44.3ms | ActiveRecord: 0.0ms | Allocations: 5879)


